🛡️ Rapport de sécurité – 13/05/2026 à 11h00
==========================================================

📌 Uptime et charge système :
 11:00:04 up 110 days, 16:52,  1 user,  load average: 2.30, 2.68, 2.89

📌 Connexions SSH actives :
root     ttyAMA0      Jan 24 10:24

📌 Derniers redémarrages :
reboot   system boot  6.1.0-37-arm64   Thu Jan 22 17:07   still running
reboot   system boot  6.1.0-37-arm64   Thu Jan 22 17:01   still running
reboot   system boot  6.1.0-37-arm64   Thu Jan 22 16:50   still running
reboot   system boot  6.1.0-37-arm64   Thu Jan 22 16:32   still running
reboot   system boot  6.1.0-37-arm64   Sun Dec  7 12:34   still running
reboot   system boot  6.1.0-37-arm64   Sat Dec  6 19:07   still running
reboot   system boot  6.1.0-37-arm64   Sat Dec  6 15:03   still running
reboot   system boot  6.1.0-37-arm64   Mon Oct 20 06:18   still running
reboot   system boot  6.1.0-37-arm64   Fri Oct 10 09:56   still running
reboot   system boot  6.1.0-37-arm64   Thu Oct  9 09:20   still running

📌 Utilisation disque :
Filesystem      Size  Used Avail Use% Mounted on
udev            940M     0  940M   0% /dev
tmpfs           198M 1012K  197M   1% /run
/dev/vda2        28G   26G  679M  98% /
tmpfs           989M     0  989M   0% /dev/shm
tmpfs           5.0M     0  5.0M   0% /run/lock
/dev/vda1       512M  6.1M  506M   2% /boot/efi
overlay          28G   26G  679M  98% /var/lib/docker/overlay2/c8a1d2e12effca01832468cef9a6c17f8dd37c14fad0c48cddd4fd0df289d136/merged
tmpfs           198M  4.0K  198M   1% /run/user/0
/dev/loop1       62M   62M     0 100% /snap/core24/1500
/dev/loop2       93M   93M     0 100% /snap/core/17288
/dev/loop4       42M   42M     0 100% /snap/snapd/26383
/dev/loop5       62M   62M     0 100% /snap/core24/1588
/dev/loop0       69M   69M     0 100% /snap/certbot/5529
/dev/loop3       93M   93M     0 100% /snap/core/17290
/dev/loop6       43M   43M     0 100% /snap/snapd/26869
/dev/loop7       69M   69M     0 100% /snap/certbot/5604

📌 Utilisation mémoire (RAM + Swap) :
               total        used        free      shared  buff/cache   available
Mem:           1.9Gi       418Mi        89Mi       904Ki       1.5Gi       1.5Gi
Swap:          975Mi       375Mi       600Mi

📌 Détail mémoire :
RAM utilisée : 420 MiB / 1977 MiB (21.24%)
SWAP utilisée : 375 MiB / 975 MiB (38.46%)

📌 Top 10 processus utilisant le plus de RAM :
USER         PID %MEM   RSS COMMAND
root      545529  8.3 169056 systemd-journal
jonathan  989983  4.2 85992 node
jonathan  989991  3.8 78076 node
jonathan  989959  3.1 63388 npm run preview
jonathan  989960  3.0 61352 npm run dev --h
root      989999  2.5 50872 npm
root     3860408  1.5 31556 snapd
root     1262233  1.3 26700 dockerd
999      1268356  0.8 17704 mysqld
root         720  0.7 14680 containerd

📌 Nombre total de processus par utilisateur (top 5) :
     99 root
      7 jonathan
      1 systemd-timesync
      1 messagebus
      1 999

📌 Consommation mémoire par type de processus :
systemd-journal      : 8.30%
node                 : 8.30%
npm                  : 2.60%
snapd                : 1.50%
dockerd              : 1.30%
systemd              : 0.80%
mysqld               : 0.80%
containerd           : 0.70%
containerd-shim      : 0.50%
esbuild              : 0.40%
systemd-logind       : 0.30%
sshd                 : 0.20%
systemd-udevd        : 0.10%
systemd-timesyn      : 0.10%
su                   : 0.10%

📌 Top processus gourmands CPU :
USER         PID %CPU %MEM    VSZ   RSS TTY      STAT START   TIME COMMAND
jonathan  989983 71.8  4.3 22032436 88852 ?      Rl   11:00   0:00 node /usr/bin/vite preview --host --port 5173
jonathan  989991 63.6  4.1 1021496 83728 ?       Rl   11:00   0:00 node /usr/bin/vite --host 0.0.0.0 --port 5173
root      990058 50.0  0.1   8156  3720 ?        R    11:00   0:00 ps aux --sort=-%cpu
root      989999 41.5  2.6 746544 53944 ?        Rsl  11:00   0:00 npm
jonathan  989960 27.4  3.0 849236 61352 ?        Ssl  11:00   0:00 npm run dev --host 0.0.0.0 --port 5173
jonathan  989959 25.2  3.1 849232 63388 ?        Ssl  11:00   0:00 npm run preview --host --port 5173
jonathan  990044 16.6  0.4 1234800 8720 ?        Sl   11:00   0:00 /usr/lib/node_modules/vite/node_modules/@esbuild/linux-arm64/bin/esbuild --service=0.25.5 --ping
root      990008  2.5  0.1   3792  2784 ?        S    11:00   0:00 /bin/bash ./analyser_logs.sh
999      1268356  1.2  0.8 1739820 17704 ?       Ssl  Jan24 2018:28 mysqld

📌 Ports ouverts (hors localhost) :
Netid State  Recv-Q Send-Q Local Address:Port  Peer Address:PortProcess
udp   UNCONN 0      0            0.0.0.0:68         0.0.0.0:*          
tcp   LISTEN 0      128          0.0.0.0:22         0.0.0.0:*          
tcp   LISTEN 0      128             [::]:22            [::]:*          

📌 Services en échec :
  UNIT                       LOAD   ACTIVE SUB    DESCRIPTION
* mariadb.service            loaded failed failed MariaDB 10.11.11 database server
* nginx.service              loaded failed failed A high performance web server and a reverse proxy server
* snap.certbot.renew.service loaded failed failed Service for snap application certbot.renew
* snapd.seeded.service       loaded failed failed Wait until snapd is fully seeded

LOAD   = Reflects whether the unit definition was properly loaded.
ACTIVE = The high-level unit activation state, i.e. generalization of SUB.
SUB    = The low-level unit activation state, values depend on unit type.
4 loaded units listed.

📌 Derniers paquets installés :

📌 Utilisateurs système :
_apt
backup
bin
daemon
games
irc
jonathan
list
lp
mail
man
messagebus
mysql
news
nobody
proxy
root
sshd
sync
sys
systemd-network
systemd-timesync
uucp
www-data

📌 Utilisateurs autorisés sudo :
sudo:x:27:

📌 Tentatives sudo échouées :

📌 Vérification des logs web (Nginx/Apache/autres) :
⚠️ /var/log/nginx/access.log est vide.
❌ /var/log/apache2/access.log est introuvable.
❌ /var/www/sarahHasaera/logs/access.log est introuvable.

📌 IPs actives dans les logs :

🚨 Recherche d’activité suspecte :

🔎 Failed password dans /var/log/nginx/access.log :

🔎 Invalid user dans /var/log/nginx/access.log :

🔎 authentication failure dans /var/log/nginx/access.log :

🔎 Did not receive identification string dans /var/log/nginx/access.log :

🔎 possible break-in attempt dans /var/log/nginx/access.log :

🔎 403 dans /var/log/nginx/access.log :

🔎 404 dans /var/log/nginx/access.log :

🔎 SQL syntax dans /var/log/nginx/access.log :

🔎 wp-login dans /var/log/nginx/access.log :
