🛡️ Rapport de sécurité – 10/04/2026 à 04h00
==========================================================

📌 Uptime et charge système :
 04:00:08 up 77 days,  9:52,  1 user,  load average: 4.22, 2.87, 2.66

📌 Connexions SSH actives :
root     ttyAMA0      Jan 24 10:24

📌 Derniers redémarrages :
reboot   system boot  6.1.0-37-arm64   Thu Jan 22 17:07   still running
reboot   system boot  6.1.0-37-arm64   Thu Jan 22 17:01   still running
reboot   system boot  6.1.0-37-arm64   Thu Jan 22 16:50   still running
reboot   system boot  6.1.0-37-arm64   Thu Jan 22 16:32   still running
reboot   system boot  6.1.0-37-arm64   Sun Dec  7 12:34   still running
reboot   system boot  6.1.0-37-arm64   Sat Dec  6 19:07   still running
reboot   system boot  6.1.0-37-arm64   Sat Dec  6 15:03   still running
reboot   system boot  6.1.0-37-arm64   Mon Oct 20 06:18   still running
reboot   system boot  6.1.0-37-arm64   Fri Oct 10 09:56   still running
reboot   system boot  6.1.0-37-arm64   Thu Oct  9 09:20   still running

📌 Utilisation disque :
Filesystem      Size  Used Avail Use% Mounted on
udev            940M     0  940M   0% /dev
tmpfs           198M 1012K  197M   1% /run
/dev/vda2        28G   26G  1.1G  97% /
tmpfs           989M     0  989M   0% /dev/shm
tmpfs           5.0M     0  5.0M   0% /run/lock
/dev/vda1       512M  6.1M  506M   2% /boot/efi
overlay          28G   26G  1.1G  97% /var/lib/docker/overlay2/c8a1d2e12effca01832468cef9a6c17f8dd37c14fad0c48cddd4fd0df289d136/merged
/dev/loop7       42M   42M     0 100% /snap/snapd/25939
/dev/loop6       93M   93M     0 100% /snap/core/17276
tmpfs           198M  4.0K  198M   1% /run/user/0
/dev/loop1       62M   62M     0 100% /snap/core24/1500
/dev/loop8       68M   68M     0 100% /snap/certbot/5452
/dev/loop2       93M   93M     0 100% /snap/core/17288
/dev/loop4       42M   42M     0 100% /snap/snapd/26383
/dev/loop5       62M   62M     0 100% /snap/core24/1588
/dev/loop0       69M   69M     0 100% /snap/certbot/5529

📌 Utilisation mémoire (RAM + Swap) :
               total        used        free      shared  buff/cache   available
Mem:           1.9Gi       441Mi        65Mi       904Ki       1.5Gi       1.5Gi
Swap:          975Mi       372Mi       603Mi

📌 Détail mémoire :
RAM utilisée : 444 MiB / 1977 MiB (22.46%)
SWAP utilisée : 372 MiB / 975 MiB (38.15%)

📌 Top 10 processus utilisant le plus de RAM :
USER         PID %MEM   RSS COMMAND
jonathan 3152634  4.1 84924 node
jonathan 3152614  4.0 82872 node
root     3152694  4.0 82064 npm install
root     3044956  3.7 75432 systemd-journal
jonathan 3152591  2.9 60424 npm run preview
jonathan 3152621  2.9 58780 npm run dev --h
root     2320128  1.5 31280 snapd
root     1262233  1.3 26528 dockerd
999      1268356  0.9 20016 mysqld
root         720  0.7 14640 containerd

📌 Nombre total de processus par utilisateur (top 5) :
     97 root
      6 jonathan
      1 systemd-timesync
      1 messagebus
      1 999

📌 Consommation mémoire par type de processus :
node                 : 8.30%
systemd-journal      : 3.70%
snapd                : 1.50%
dockerd              : 1.30%
mysqld               : 0.90%
systemd              : 0.80%
esbuild              : 0.70%
containerd           : 0.70%
containerd-shim      : 0.50%
systemd-logind       : 0.30%
sshd                 : 0.20%
systemd-udevd        : 0.10%
systemd-timesyn      : 0.10%
su                   : 0.10%
ps                   : 0.10%

📌 Top processus gourmands CPU :
USER         PID %CPU %MEM    VSZ   RSS TTY      STAT START   TIME COMMAND
root     3152694 87.9  4.1 874584 83812 ?        Rsl  04:00   0:01 npm install
root     3152760 50.0  0.2   9124  4388 ?        R    04:00   0:00 ps aux --sort=-%cpu
jonathan 3152742  8.3  0.4 1234800 8272 ?        Sl   04:00   0:00 /usr/lib/node_modules/vite/node_modules/@esbuild/linux-arm64/bin/esbuild --service=0.25.5 --ping
jonathan 3152741  7.6  0.4 1234800 8488 ?        Sl   04:00   0:00 /usr/lib/node_modules/vite/node_modules/@esbuild/linux-arm64/bin/esbuild --service=0.25.5 --ping
jonathan 3152634  6.5  4.2 22027316 85964 ?      Rl   03:59   0:00 node /usr/bin/vite --host 0.0.0.0 --port 5173
jonathan 3152614  5.7  4.1 22027316 84596 ?      Rl   03:59   0:00 node /usr/bin/vite preview --host --port 5173
jonathan 3152621  4.3  2.9 846540 58780 ?        Ssl  03:59   0:00 npm run dev --host 0.0.0.0 --port 5173
jonathan 3152591  3.3  2.9 846288 60424 ?        Ssl  03:59   0:00 npm run preview --host --port 5173
root     3152705  2.1  0.1   3792  2784 ?        S    04:00   0:00 /bin/bash ./analyser_logs.sh

📌 Ports ouverts (hors localhost) :
Netid State  Recv-Q Send-Q Local Address:Port  Peer Address:PortProcess
udp   UNCONN 0      0            0.0.0.0:68         0.0.0.0:*          
tcp   LISTEN 0      128          0.0.0.0:22         0.0.0.0:*          
tcp   LISTEN 0      128             [::]:22            [::]:*          

📌 Services en échec :
  UNIT                       LOAD   ACTIVE SUB    DESCRIPTION
* mariadb.service            loaded failed failed MariaDB 10.11.11 database server
* nginx.service              loaded failed failed A high performance web server and a reverse proxy server
* snap.certbot.renew.service loaded failed failed Service for snap application certbot.renew
* snapd.seeded.service       loaded failed failed Wait until snapd is fully seeded

LOAD   = Reflects whether the unit definition was properly loaded.
ACTIVE = The high-level unit activation state, i.e. generalization of SUB.
SUB    = The low-level unit activation state, values depend on unit type.
4 loaded units listed.

📌 Derniers paquets installés :

📌 Utilisateurs système :
_apt
backup
bin
daemon
games
irc
jonathan
list
lp
mail
man
messagebus
mysql
news
nobody
proxy
root
sshd
sync
sys
systemd-network
systemd-timesync
uucp
www-data

📌 Utilisateurs autorisés sudo :
sudo:x:27:

📌 Tentatives sudo échouées :

📌 Vérification des logs web (Nginx/Apache/autres) :
⚠️ /var/log/nginx/access.log est vide.
❌ /var/log/apache2/access.log est introuvable.
❌ /var/www/sarahHasaera/logs/access.log est introuvable.

📌 IPs actives dans les logs :

🚨 Recherche d’activité suspecte :

🔎 Failed password dans /var/log/nginx/access.log :

🔎 Invalid user dans /var/log/nginx/access.log :

🔎 authentication failure dans /var/log/nginx/access.log :

🔎 Did not receive identification string dans /var/log/nginx/access.log :

🔎 possible break-in attempt dans /var/log/nginx/access.log :

🔎 403 dans /var/log/nginx/access.log :

🔎 404 dans /var/log/nginx/access.log :

🔎 SQL syntax dans /var/log/nginx/access.log :

🔎 wp-login dans /var/log/nginx/access.log :
